[debug] [2017-06-19T22:13:09.336Z] ----------------------------------------------------------------------
[debug] [2017-06-19T22:13:09.339Z] Command:      /usr/bin/nodejs /usr/bin/firebase serve
[debug] [2017-06-19T22:13:09.339Z] CLI Version:  3.9.1
[debug] [2017-06-19T22:13:09.339Z] Platform:     linux
[debug] [2017-06-19T22:13:09.339Z] Node Version: v6.3.1
[debug] [2017-06-19T22:13:09.339Z] Time:         Mon Jun 19 2017 17:13:09 GMT-0500 (CDT)
[debug] [2017-06-19T22:13:09.339Z] ----------------------------------------------------------------------
[debug] 
[debug] [2017-06-19T22:13:09.351Z] > command requires scopes: ["email","openid","https://www.googleapis.com/auth/cloudplatformprojects.readonly","https://www.googleapis.com/auth/firebase","https://www.googleapis.com/auth/cloud-platform"]
[debug] [2017-06-19T22:13:09.352Z] > authorizing via signed-in user
[debug] [2017-06-19T22:13:09.354Z] >>> HTTP REQUEST GET https://admin.firebase.com/v1/projects/iotkimetrics  
 Mon Jun 19 2017 17:13:09 GMT-0500 (CDT)
[debug] [2017-06-19T22:13:10.112Z] <<< HTTP RESPONSE 200
[debug] [2017-06-19T22:13:10.114Z] >>> HTTP REQUEST GET https://admin.firebase.com/v1/database/iotkimetrics/tokens  
 Mon Jun 19 2017 17:13:10 GMT-0500 (CDT)
[debug] [2017-06-19T22:13:10.814Z] <<< HTTP RESPONSE 200
[info] 
[info] === Serving from '/home/gerardo/Documents/Learning/IoT/IoTDoor'...
[info] 
[debug] [2017-06-19T22:13:10.819Z] >>> HTTP REQUEST GET https://cloudresourcemanager.googleapis.com/v1/projects/iotkimetrics  
 Mon Jun 19 2017 17:13:10 GMT-0500 (CDT)
[debug] [2017-06-19T22:13:11.246Z] <<< HTTP RESPONSE 200
[debug] [2017-06-19T22:13:11.247Z] >>> HTTP REQUEST GET https://mobilesdk-pa.googleapis.com/v1/projects/732803120029/clients/_:getWebAppConfig  
 Mon Jun 19 2017 17:13:11 GMT-0500 (CDT)
[debug] [2017-06-19T22:13:11.679Z] <<< HTTP RESPONSE 200
[info] i  hosting: Serving hosting files from: public
[info] ✔  hosting: Local server: http://localhost:5000

